 SAP2000 v14.2.0 Advanced (Analysis Build 8845/32)                              
 File: C:\Users\michael\flg\tympani\model1.OUT                                  
                                                                     
                                                                       

 C O N S T R A I N T   C O O R D I N A T E S   A N D   M A S S E S

 CONSC   BODY ================== TYPE = RIGID, DOF = U1 U2 U3 R1 R2 R3

                     LOCAL COORDINATE SYSTEM FOR CONSTRAINT MASTER
  GLOBAL          U1          U2          U3          R1          R2          R3
     X      1.000000     .000000     .000000     .000000     .000000    1.000000
     Y       .000000    1.000000     .000000    1.000000     .000000     .000000
     Z       .000000     .000000    1.000000     .000000    1.000000     .000000

                     TRANSLATIONAL MASS AND MASS MOMENTS OF INERTIA
                  U1          U2          U3          R1          R2          R3
            6.03E-05    6.03E-05    6.03E-05    0.006971    0.523977    0.530948

                     CENTER OF MASS
  GLOBAL          U1          U2          U3
     X       .000000     .000000     .000000
     Y   -119.026855 -119.026855 -119.026855
     Z      1.51E-14    1.51E-14    1.51E-14

 D I S P L A C E M E N T   D E G R E E S   O F   F R E E D O M

         (A) = Active DOF, equilibrium equation
         (-) = Restrained DOF, reaction computed
         (+) = Constrained DOF
         (>) = External substructure DOF
         ( ) = Null DOF

  JOINTS              UX  UY  UZ  RX  RY  RZ
       1 TO       4    A   A   A   A   A   A
       5               +   +   +   +   +   +
       6               A   A   A   A   A   A
       7               +   +   +   +   +   +
       8 TO      12    A   A   A   A   A   A
      13               +   +   +   +   +   +
      14 TO      19    A   A   A   A   A   A
      20               +   +   +   +   +   +
    NULL                                    

  CONSTRAINTS         U1  U2  U3  R1  R2  R3
    BODY               A   A   A   A   A   A
    BODY                                    
